<?xml version="1.0" encoding="UTF-8"?>
<!-- Generated by org.testng.reporters.JUnitXMLReporter -->
<testsuite hostname="Personal" ignored="0" name="Functional Testing for Banggoodsite" tests="4" failures="0" timestamp="2021-06-22T18:24:37 IST" time="99.079" errors="0">
  <testcase name="SearchItem" time="25.912" classname="qa.com.testscript.Tc_Banggood"/>
  <testcase name="SearchItem" time="22.148" classname="qa.com.testscript.Tc_Banggood"/>
  <testcase name="SearchItem" time="3.435" classname="qa.com.testscript.Tc_Banggood"/>
  <testcase name="SearchItem" time="20.134" classname="qa.com.testscript.Tc_Banggood"/>
</testsuite> <!-- Functional Testing for Banggoodsite -->
